0 info it worked if it ends with ok
1 verbose cli [ '/usr/bin/node', '/usr/bin/npm', 'start' ]
2 info using npm@3.8.3
3 info using node@v5.10.1
4 verbose run-script [ 'prestart', 'start', 'poststart' ]
5 info lifecycle meet-up-event-planner@0.0.3~prestart: meet-up-event-planner@0.0.3
6 silly lifecycle meet-up-event-planner@0.0.3~prestart: no script for prestart, continuing
7 info lifecycle meet-up-event-planner@0.0.3~start: meet-up-event-planner@0.0.3
8 verbose lifecycle meet-up-event-planner@0.0.3~start: unsafe-perm in lifecycle true
9 verbose lifecycle meet-up-event-planner@0.0.3~start: PATH: /usr/lib64/node_modules/npm/bin/node-gyp-bin:/home/emguy/www/node_modules/.bin:/usr/bin:/opt/context/tex/texmf-linux-64/bin:/usr/local/bin:/usr/bin:/bin:/opt/bin:/usr/x86_64-pc-linux-gnu/gcc-bin/4.9.3:/usr/cross-dev/mingw-w64/bin:/usr/cross-dev/avr/bin:/opt/nodejs/bin:/opt/npm/bin:/opt/context/tex/texmf-linux-64/bin:/opt/context/tex/texmf-linux-64/bin
10 verbose lifecycle meet-up-event-planner@0.0.3~start: CWD: /home/emguy/www
11 silly lifecycle meet-up-event-planner@0.0.3~start: Args: [ '-c',
11 silly lifecycle   'webpack-dev-server --host \'192.168.1.3\' --inline --history-api-fallback' ]
12 silly lifecycle meet-up-event-planner@0.0.3~start: Returned: code: 1  signal: null
13 info lifecycle meet-up-event-planner@0.0.3~start: Failed to exec start script
14 verbose stack Error: meet-up-event-planner@0.0.3 start: `webpack-dev-server --host '192.168.1.3' --inline --history-api-fallback`
14 verbose stack Exit status 1
14 verbose stack     at EventEmitter.<anonymous> (/usr/lib64/node_modules/npm/lib/utils/lifecycle.js:239:16)
14 verbose stack     at emitTwo (events.js:100:13)
14 verbose stack     at EventEmitter.emit (events.js:185:7)
14 verbose stack     at ChildProcess.<anonymous> (/usr/lib64/node_modules/npm/lib/utils/spawn.js:24:14)
14 verbose stack     at emitTwo (events.js:100:13)
14 verbose stack     at ChildProcess.emit (events.js:185:7)
14 verbose stack     at maybeClose (internal/child_process.js:850:16)
14 verbose stack     at Process.ChildProcess._handle.onexit (internal/child_process.js:215:5)
15 verbose pkgid meet-up-event-planner@0.0.3
16 verbose cwd /home/emguy/www
17 error Linux 4.1.15-gentoo-r1
18 error argv "/usr/bin/node" "/usr/bin/npm" "start"
19 error node v5.10.1
20 error npm  v3.8.3
21 error code ELIFECYCLE
22 error meet-up-event-planner@0.0.3 start: `webpack-dev-server --host '192.168.1.3' --inline --history-api-fallback`
22 error Exit status 1
23 error Failed at the meet-up-event-planner@0.0.3 start script 'webpack-dev-server --host '192.168.1.3' --inline --history-api-fallback'.
23 error Make sure you have the latest version of node.js and npm installed.
23 error If you do, this is most likely a problem with the meet-up-event-planner package,
23 error not with npm itself.
23 error Tell the author that this fails on your system:
23 error     webpack-dev-server --host '192.168.1.3' --inline --history-api-fallback
23 error You can get information on how to open an issue for this project with:
23 error     npm bugs meet-up-event-planner
23 error Or if that isn't available, you can get their info via:
23 error     npm owner ls meet-up-event-planner
23 error There is likely additional logging output above.
24 verbose exit [ 1, true ]
